<?xml version="1.0" encoding="UTF-8"?>
<testng-results skipped="0" failed="0" ignored="0" total="1" passed="1">
  <reporter-output>
  </reporter-output>
  <suite name="Default suite" duration-ms="17606" started-at="2020-02-07T12:58:14 IST" finished-at="2020-02-07T12:58:32 IST">
    <groups>
    </groups>
    <test name="Default test" duration-ms="17606" started-at="2020-02-07T12:58:14 IST" finished-at="2020-02-07T12:58:32 IST">
      <class name="PageHomeTest.Home">
        <test-method status="PASS" signature="setupTest()[pri:0, instance:PageHomeTest.Home@26aa12dd]" name="setupTest" is-config="true" duration-ms="10118" started-at="2020-02-07T12:58:14 IST" finished-at="2020-02-07T12:58:24 IST">
          <reporter-output>
          </reporter-output>
        </test-method> <!-- setupTest -->
        <test-method status="PASS" signature="login()[pri:0, instance:PageHomeTest.Home@26aa12dd]" name="login" duration-ms="5295" started-at="2020-02-07T12:58:24 IST" finished-at="2020-02-07T12:58:29 IST">
          <reporter-output>
          </reporter-output>
        </test-method> <!-- login -->
        <test-method status="PASS" signature="tearDown()[pri:0, instance:PageHomeTest.Home@26aa12dd]" name="tearDown" is-config="true" duration-ms="2135" started-at="2020-02-07T12:58:29 IST" finished-at="2020-02-07T12:58:32 IST">
          <reporter-output>
          </reporter-output>
        </test-method> <!-- tearDown -->
      </class> <!-- PageHomeTest.Home -->
    </test> <!-- Default test -->
  </suite> <!-- Default suite -->
</testng-results>
