<?xml version="1.0" encoding="UTF-8"?>
<testng-results skipped="0" failed="0" ignored="0" total="2" passed="2">
  <reporter-output>
  </reporter-output>
  <suite name="Default suite" duration-ms="24623" started-at="2020-01-31T16:02:34 IST" finished-at="2020-01-31T16:02:59 IST">
    <groups>
    </groups>
    <test name="Default test" duration-ms="24623" started-at="2020-01-31T16:02:34 IST" finished-at="2020-01-31T16:02:59 IST">
      <class name="PageHomeTest.Home">
        <test-method status="PASS" signature="setupTest()[pri:0, instance:PageHomeTest.Home@26aa12dd]" name="setupTest" is-config="true" duration-ms="15130" started-at="2020-01-31T16:02:34 IST" finished-at="2020-01-31T16:02:50 IST">
          <reporter-output>
          </reporter-output>
        </test-method> <!-- setupTest -->
        <test-method status="PASS" signature="homePage()[pri:0, instance:PageHomeTest.Home@26aa12dd]" name="homePage" duration-ms="47" started-at="2020-01-31T16:02:50 IST" finished-at="2020-01-31T16:02:50 IST">
          <reporter-output>
          </reporter-output>
        </test-method> <!-- homePage -->
        <test-method status="PASS" signature="login()[pri:0, instance:PageHomeTest.Home@26aa12dd]" name="login" duration-ms="6787" started-at="2020-01-31T16:02:50 IST" finished-at="2020-01-31T16:02:56 IST">
          <reporter-output>
          </reporter-output>
        </test-method> <!-- login -->
        <test-method status="PASS" signature="tearDown()[pri:0, instance:PageHomeTest.Home@26aa12dd]" name="tearDown" is-config="true" duration-ms="2600" started-at="2020-01-31T16:02:56 IST" finished-at="2020-01-31T16:02:59 IST">
          <reporter-output>
          </reporter-output>
        </test-method> <!-- tearDown -->
      </class> <!-- PageHomeTest.Home -->
    </test> <!-- Default test -->
  </suite> <!-- Default suite -->
</testng-results>
